<?xml version="1.0" encoding="UTF-8"?>
<!-- Generated by org.testng.reporters.JUnitXMLReporter -->
<testsuite hostname="srini-PC" ignored="0" name="Regression" tests="6" failures="0" timestamp="14 Jul 2020 12:36:30 GMT" time="78.072" errors="0">
  <testcase name="myTest" time="77.713" classname="com.amazon.testCases.AddToCart_Testcase"/>
  <testcase name="myTest" time="0.0" classname="com.amazon.testCases.AddToCart_Testcase"/>
  <testcase name="myTest" time="0.016" classname="com.amazon.testCases.AddToCart_Testcase"/>
  <testcase name="myTest" time="0.0" classname="com.amazon.testCases.AddToCart_Testcase"/>
  <testcase name="myTest" time="0.0" classname="com.amazon.testCases.AddToCart_Testcase"/>
  <testcase name="myTest" time="0.0" classname="com.amazon.testCases.AddToCart_Testcase"/>
</testsuite> <!-- Regression -->
