<?xml version="1.0" encoding="UTF-8"?>
<testng-results skipped="0" failed="0" ignored="0" total="6" passed="6">
  <reporter-output>
  </reporter-output>
  <suite name="Suite1" duration-ms="78072" started-at="2020-07-14T12:35:12Z" finished-at="2020-07-14T12:36:30Z">
    <groups>
    </groups>
    <test name="Regression" duration-ms="78072" started-at="2020-07-14T12:35:12Z" finished-at="2020-07-14T12:36:30Z">
      <class name="com.amazon.testCases.AddToCart_Testcase">
        <test-method status="PASS" signature="myTest(java.util.HashMap)[pri:0, instance:com.amazon.testCases.AddToCart_Testcase@6d4b1c02]" name="myTest" duration-ms="77713" started-at="2020-07-14T18:05:13Z" data-provider="amazon" finished-at="2020-07-14T18:06:30Z">
          <params>
            <param index="0">
              <value>
                <![CDATA[{S.No=1, Input Data=Mask, Platform=android, deviceID=871bcb56, Testrun=Yes}]]>
              </value>
            </param>
          </params>
          <reporter-output>
          </reporter-output>
        </test-method> <!-- myTest -->
        <test-method status="PASS" signature="myTest(java.util.HashMap)[pri:0, instance:com.amazon.testCases.AddToCart_Testcase@6d4b1c02]" name="myTest" duration-ms="0" started-at="2020-07-14T18:06:30Z" data-provider="amazon" finished-at="2020-07-14T18:06:30Z">
          <params>
            <param index="0">
              <value>
                <![CDATA[{S.No=, Input Data=, Platform=, deviceID=, Testrun=}]]>
              </value>
            </param>
          </params>
          <reporter-output>
          </reporter-output>
        </test-method> <!-- myTest -->
        <test-method status="PASS" signature="myTest(java.util.HashMap)[pri:0, instance:com.amazon.testCases.AddToCart_Testcase@6d4b1c02]" name="myTest" duration-ms="16" started-at="2020-07-14T18:06:30Z" data-provider="amazon" finished-at="2020-07-14T18:06:30Z">
          <params>
            <param index="0">
              <value>
                <![CDATA[{S.No=, Input Data=, Platform=, deviceID=, Testrun=}]]>
              </value>
            </param>
          </params>
          <reporter-output>
          </reporter-output>
        </test-method> <!-- myTest -->
        <test-method status="PASS" signature="myTest(java.util.HashMap)[pri:0, instance:com.amazon.testCases.AddToCart_Testcase@6d4b1c02]" name="myTest" duration-ms="0" started-at="2020-07-14T18:06:30Z" data-provider="amazon" finished-at="2020-07-14T18:06:30Z">
          <params>
            <param index="0">
              <value>
                <![CDATA[{S.No=, Input Data=, Platform=, deviceID=, Testrun=}]]>
              </value>
            </param>
          </params>
          <reporter-output>
          </reporter-output>
        </test-method> <!-- myTest -->
        <test-method status="PASS" signature="myTest(java.util.HashMap)[pri:0, instance:com.amazon.testCases.AddToCart_Testcase@6d4b1c02]" name="myTest" duration-ms="0" started-at="2020-07-14T18:06:30Z" data-provider="amazon" finished-at="2020-07-14T18:06:30Z">
          <params>
            <param index="0">
              <value>
                <![CDATA[{S.No=, Input Data=, Platform=, deviceID=, Testrun=}]]>
              </value>
            </param>
          </params>
          <reporter-output>
          </reporter-output>
        </test-method> <!-- myTest -->
        <test-method status="PASS" signature="myTest(java.util.HashMap)[pri:0, instance:com.amazon.testCases.AddToCart_Testcase@6d4b1c02]" name="myTest" duration-ms="0" started-at="2020-07-14T18:06:30Z" data-provider="amazon" finished-at="2020-07-14T18:06:30Z">
          <params>
            <param index="0">
              <value>
                <![CDATA[{S.No=, Input Data=, Platform=, deviceID=, Testrun=}]]>
              </value>
            </param>
          </params>
          <reporter-output>
          </reporter-output>
        </test-method> <!-- myTest -->
      </class> <!-- com.amazon.testCases.AddToCart_Testcase -->
      <class name="com.amazon.Utilities.preRequestConfig">
        <test-method status="PASS" signature="startProject()[pri:0, instance:com.amazon.Utilities.preRequestConfig@7cd62f43]" name="startProject" is-config="true" duration-ms="109" started-at="2020-07-14T18:05:12Z" finished-at="2020-07-14T18:05:12Z">
          <reporter-output>
          </reporter-output>
        </test-method> <!-- startProject -->
        <test-method status="PASS" signature="endProject()[pri:0, instance:com.amazon.Utilities.preRequestConfig@7cd62f43]" name="endProject" is-config="true" duration-ms="202" started-at="2020-07-14T18:06:30Z" finished-at="2020-07-14T18:06:30Z">
          <reporter-output>
          </reporter-output>
        </test-method> <!-- endProject -->
      </class> <!-- com.amazon.Utilities.preRequestConfig -->
    </test> <!-- Regression -->
  </suite> <!-- Suite1 -->
</testng-results>
